<?xml version="1.0" encoding="UTF-8"?>
<testng-results ignored="0" total="1" passed="1" failed="0" skipped="0">
  <reporter-output>
  </reporter-output>
  <suite started-at="2025-10-26T09:52:14 IST" name="Default suite" finished-at="2025-10-26T09:52:25 IST" duration-ms="11594">
    <groups>
    </groups>
    <test started-at="2025-10-26T09:52:14 IST" name="Default test" finished-at="2025-10-26T09:52:25 IST" duration-ms="11594">
      <class name="api_tests.userTest">
        <test-method is-config="true" signature="setup()[pri:0, instance:api_tests.userTest@198b6731]" started-at="2025-10-26T09:52:14 IST" name="setup" finished-at="2025-10-26T09:52:14 IST" duration-ms="638" status="PASS">
          <reporter-output>
          </reporter-output>
        </test-method> <!-- setup -->
        <test-method signature="testCRUD()[pri:0, instance:api_tests.userTest@198b6731]" started-at="2025-10-26T09:52:14 IST" name="testCRUD" finished-at="2025-10-26T09:52:25 IST" duration-ms="10884" status="PASS">
          <reporter-output>
          </reporter-output>
        </test-method> <!-- testCRUD -->
      </class> <!-- api_tests.userTest -->
    </test> <!-- Default test -->
  </suite> <!-- Default suite -->
</testng-results>
